0 info it worked if it ends with ok
1 verbose cli [ '/usr/bin/node',
1 verbose cli   '/usr/bin/npm',
1 verbose cli   'install',
1 verbose cli   'imagemin-gifscale',
1 verbose cli   '--save' ]
2 info using npm@1.4.28
3 info using node@v0.10.35
4 warn package.json karma-firefox-launcher@0.1.4 No README data
5 warn package.json passport-local@0.1.6 No README data
6 warn package.json path@0.11.14 path is also the name of a node core module.
7 verbose readDependencies using package.json deps
8 verbose cache add [ 'imagemin-gifscale', null ]
9 verbose cache add name=undefined spec="imagemin-gifscale" args=["imagemin-gifscale",null]
10 verbose parsed url { protocol: null,
10 verbose parsed url   slashes: null,
10 verbose parsed url   auth: null,
10 verbose parsed url   host: null,
10 verbose parsed url   port: null,
10 verbose parsed url   hostname: null,
10 verbose parsed url   hash: null,
10 verbose parsed url   search: null,
10 verbose parsed url   query: null,
10 verbose parsed url   pathname: 'imagemin-gifscale',
10 verbose parsed url   path: 'imagemin-gifscale',
10 verbose parsed url   href: 'imagemin-gifscale' }
11 silly lockFile 94cb5239-imagemin-gifscale imagemin-gifscale
12 verbose lock imagemin-gifscale /home/saarango/.npm/94cb5239-imagemin-gifscale.lock
13 silly lockFile 94cb5239-imagemin-gifscale imagemin-gifscale
14 silly lockFile 94cb5239-imagemin-gifscale imagemin-gifscale
15 verbose addNamed [ 'imagemin-gifscale', '' ]
16 verbose addNamed [ null, '*' ]
17 silly lockFile 56796575-imagemin-gifscale imagemin-gifscale@
18 verbose lock imagemin-gifscale@ /home/saarango/.npm/56796575-imagemin-gifscale.lock
19 silly addNameRange { name: 'imagemin-gifscale', range: '*', hasData: false }
20 verbose request where is /imagemin-gifscale
21 verbose request registry https://registry.npmjs.org/
22 verbose request id 185e420bd276fe6f
23 verbose url raw /imagemin-gifscale
24 verbose url resolving [ 'https://registry.npmjs.org/', './imagemin-gifscale' ]
25 verbose url resolved https://registry.npmjs.org/imagemin-gifscale
26 verbose request where is https://registry.npmjs.org/imagemin-gifscale
27 info trying registry request attempt 1 at 11:28:05
28 http GET https://registry.npmjs.org/imagemin-gifscale
29 http 404 https://registry.npmjs.org/imagemin-gifscale
30 verbose headers { date: 'Sun, 19 Apr 2015 11:28:06 GMT',
30 verbose headers   server: 'CouchDB/1.5.0 (Erlang OTP/R16B03)',
30 verbose headers   'content-type': 'application/json',
30 verbose headers   'cache-control': 'max-age=0',
30 verbose headers   'content-length': '51',
30 verbose headers   'accept-ranges': 'bytes',
30 verbose headers   via: '1.1 varnish',
30 verbose headers   age: '0',
30 verbose headers   'x-served-by': 'cache-ams4147-AMS',
30 verbose headers   'x-cache': 'MISS',
30 verbose headers   'x-cache-hits': '0',
30 verbose headers   'x-timer': 'S1429442885.799083,VS0,VE380',
30 verbose headers   'keep-alive': 'timeout=10, max=50',
30 verbose headers   connection: 'Keep-Alive' }
31 silly registry.get cb [ 404,
31 silly registry.get   { date: 'Sun, 19 Apr 2015 11:28:06 GMT',
31 silly registry.get     server: 'CouchDB/1.5.0 (Erlang OTP/R16B03)',
31 silly registry.get     'content-type': 'application/json',
31 silly registry.get     'cache-control': 'max-age=0',
31 silly registry.get     'content-length': '51',
31 silly registry.get     'accept-ranges': 'bytes',
31 silly registry.get     via: '1.1 varnish',
31 silly registry.get     age: '0',
31 silly registry.get     'x-served-by': 'cache-ams4147-AMS',
31 silly registry.get     'x-cache': 'MISS',
31 silly registry.get     'x-cache-hits': '0',
31 silly registry.get     'x-timer': 'S1429442885.799083,VS0,VE380',
31 silly registry.get     'keep-alive': 'timeout=10, max=50',
31 silly registry.get     connection: 'Keep-Alive' } ]
32 silly lockFile 56796575-imagemin-gifscale imagemin-gifscale@
33 silly lockFile 56796575-imagemin-gifscale imagemin-gifscale@
34 error 404 404 Not Found: imagemin-gifscale
34 error 404
34 error 404 'imagemin-gifscale' is not in the npm registry.
34 error 404 You should bug the author to publish it
34 error 404 It was specified as a dependency of 'erp2015'
34 error 404
34 error 404 Note that you can also install from a
34 error 404 tarball, folder, or http url, or git url.
35 error System Linux 2.6.32-042stab094.8
36 error command "/usr/bin/node" "/usr/bin/npm" "install" "imagemin-gifscale" "--save"
37 error cwd /home/saarango/git/erp-2016
38 error node -v v0.10.35
39 error npm -v 1.4.28
40 error code E404
41 verbose exit [ 1, true ]
